Determining if the pthread_create exist failed with the following output:
Change Dir: /home/slahuddin/catkin_ws/src/qtros/build/CMakeFiles/CMakeTmp

Run Build Command:"/usr/bin/make" "cmTC_f275d/fast"
/usr/bin/make -f CMakeFiles/cmTC_f275d.dir/build.make CMakeFiles/cmTC_f275d.dir/build
make[1]: Entering directory '/home/slahuddin/catkin_ws/src/qtros/build/CMakeFiles/CMakeTmp'
Building C object CMakeFiles/cmTC_f275d.dir/CheckSymbolExists.c.o
/usr/bin/x86_64-linux-gnu-gcc-7    -o CMakeFiles/cmTC_f275d.dir/CheckSymbolExists.c.o   -c /home/slahuddin/catkin_ws/src/qtros/build/CMakeFiles/CMakeTmp/CheckSymbolExists.c
Linking C executable cmTC_f275d
/usr/bin/cmake -E cmake_link_script CMakeFiles/cmTC_f275d.dir/link.txt --verbose=1
/usr/bin/x86_64-linux-gnu-gcc-7      -rdynamic CMakeFiles/cmTC_f275d.dir/CheckSymbolExists.c.o  -o cmTC_f275d 
CMakeFiles/cmTC_f275d.dir/CheckSymbolExists.c.o: In function `main':
CheckSymbolExists.c:(.text+0x1b): undefined reference to `pthread_create'
collect2: error: ld returned 1 exit status
CMakeFiles/cmTC_f275d.dir/build.make:97: recipe for target 'cmTC_f275d' failed
make[1]: *** [cmTC_f275d] Error 1
make[1]: Leaving directory '/home/slahuddin/catkin_ws/src/qtros/build/CMakeFiles/CMakeTmp'
Makefile:126: recipe for target 'cmTC_f275d/fast' failed
make: *** [cmTC_f275d/fast] Error 2

File /home/slahuddin/catkin_ws/src/qtros/build/CMakeFiles/CMakeTmp/CheckSymbolExists.c:
/* */
#include <pthread.h>

int main(int argc, char** argv)
{
  (void)argv;
#ifndef pthread_create
  return ((int*)(&pthread_create))[argc];
#else
  (void)argc;
  return 0;
#endif
}

Determining if the function pthread_create exists in the pthreads failed with the following output:
Change Dir: /home/slahuddin/catkin_ws/src/qtros/build/CMakeFiles/CMakeTmp

Run Build Command:"/usr/bin/make" "cmTC_0a19b/fast"
/usr/bin/make -f CMakeFiles/cmTC_0a19b.dir/build.make CMakeFiles/cmTC_0a19b.dir/build
make[1]: Entering directory '/home/slahuddin/catkin_ws/src/qtros/build/CMakeFiles/CMakeTmp'
Building C object CMakeFiles/cmTC_0a19b.dir/CheckFunctionExists.c.o
/usr/bin/x86_64-linux-gnu-gcc-7   -DCHECK_FUNCTION_EXISTS=pthread_create   -o CMakeFiles/cmTC_0a19b.dir/CheckFunctionExists.c.o   -c /usr/share/cmake-3.10/Modules/CheckFunctionExists.c
Linking C executable cmTC_0a19b
/usr/bin/cmake -E cmake_link_script CMakeFiles/cmTC_0a19b.dir/link.txt --verbose=1
/usr/bin/x86_64-linux-gnu-gcc-7  -DCHECK_FUNCTION_EXISTS=pthread_create    -rdynamic CMakeFiles/cmTC_0a19b.dir/CheckFunctionExists.c.o  -o cmTC_0a19b -lpthreads 
/usr/bin/ld: cannot find -lpthreads
collect2: error: ld returned 1 exit status
CMakeFiles/cmTC_0a19b.dir/build.make:97: recipe for target 'cmTC_0a19b' failed
make[1]: *** [cmTC_0a19b] Error 1
make[1]: Leaving directory '/home/slahuddin/catkin_ws/src/qtros/build/CMakeFiles/CMakeTmp'
Makefile:126: recipe for target 'cmTC_0a19b/fast' failed
make: *** [cmTC_0a19b/fast] Error 2


Determining if the Q_WS_WIN exist failed with the following output:
Change Dir: /home/slahuddin/catkin_ws/src/qtros/build/CMakeFiles/CMakeTmp

Run Build Command:"/usr/bin/make" "cmTC_56752/fast"
/usr/bin/make -f CMakeFiles/cmTC_56752.dir/build.make CMakeFiles/cmTC_56752.dir/build
make[1]: Entering directory '/home/slahuddin/catkin_ws/src/qtros/build/CMakeFiles/CMakeTmp'
Building CXX object CMakeFiles/cmTC_56752.dir/CheckSymbolExists.cxx.o
/usr/bin/x86_64-linux-gnu-g++-7   -I/usr/include/qt4   -o CMakeFiles/cmTC_56752.dir/CheckSymbolExists.cxx.o -c /home/slahuddin/catkin_ws/src/qtros/build/CMakeFiles/CMakeTmp/CheckSymbolExists.cxx
/home/slahuddin/catkin_ws/src/qtros/build/CMakeFiles/CMakeTmp/CheckSymbolExists.cxx: In function ‘int main(int, char**)’:
/home/slahuddin/catkin_ws/src/qtros/build/CMakeFiles/CMakeTmp/CheckSymbolExists.cxx:8:19: error: ‘Q_WS_WIN’ was not declared in this scope
   return ((int*)(&Q_WS_WIN))[argc];
                   ^~~~~~~~
/home/slahuddin/catkin_ws/src/qtros/build/CMakeFiles/CMakeTmp/CheckSymbolExists.cxx:8:19: note: suggested alternative: ‘Q_WS_X11’
   return ((int*)(&Q_WS_WIN))[argc];
                   ^~~~~~~~
                   Q_WS_X11
CMakeFiles/cmTC_56752.dir/build.make:65: recipe for target 'CMakeFiles/cmTC_56752.dir/CheckSymbolExists.cxx.o' failed
make[1]: *** [CMakeFiles/cmTC_56752.dir/CheckSymbolExists.cxx.o] Error 1
make[1]: Leaving directory '/home/slahuddin/catkin_ws/src/qtros/build/CMakeFiles/CMakeTmp'
Makefile:126: recipe for target 'cmTC_56752/fast' failed
make: *** [cmTC_56752/fast] Error 2

File /home/slahuddin/catkin_ws/src/qtros/build/CMakeFiles/CMakeTmp/CheckSymbolExists.cxx:
/* */
#include <QtCore/qglobal.h>

int main(int argc, char** argv)
{
  (void)argv;
#ifndef Q_WS_WIN
  return ((int*)(&Q_WS_WIN))[argc];
#else
  (void)argc;
  return 0;
#endif
}

Determining if the Q_WS_QWS exist failed with the following output:
Change Dir: /home/slahuddin/catkin_ws/src/qtros/build/CMakeFiles/CMakeTmp

Run Build Command:"/usr/bin/make" "cmTC_ef121/fast"
/usr/bin/make -f CMakeFiles/cmTC_ef121.dir/build.make CMakeFiles/cmTC_ef121.dir/build
make[1]: Entering directory '/home/slahuddin/catkin_ws/src/qtros/build/CMakeFiles/CMakeTmp'
Building CXX object CMakeFiles/cmTC_ef121.dir/CheckSymbolExists.cxx.o
/usr/bin/x86_64-linux-gnu-g++-7   -I/usr/include/qt4   -o CMakeFiles/cmTC_ef121.dir/CheckSymbolExists.cxx.o -c /home/slahuddin/catkin_ws/src/qtros/build/CMakeFiles/CMakeTmp/CheckSymbolExists.cxx
/home/slahuddin/catkin_ws/src/qtros/build/CMakeFiles/CMakeTmp/CheckSymbolExists.cxx: In function ‘int main(int, char**)’:
/home/slahuddin/catkin_ws/src/qtros/build/CMakeFiles/CMakeTmp/CheckSymbolExists.cxx:8:19: error: ‘Q_WS_QWS’ was not declared in this scope
   return ((int*)(&Q_WS_QWS))[argc];
                   ^~~~~~~~
/home/slahuddin/catkin_ws/src/qtros/build/CMakeFiles/CMakeTmp/CheckSymbolExists.cxx:8:19: note: suggested alternative: ‘Q_WS_X11’
   return ((int*)(&Q_WS_QWS))[argc];
                   ^~~~~~~~
                   Q_WS_X11
CMakeFiles/cmTC_ef121.dir/build.make:65: recipe for target 'CMakeFiles/cmTC_ef121.dir/CheckSymbolExists.cxx.o' failed
make[1]: *** [CMakeFiles/cmTC_ef121.dir/CheckSymbolExists.cxx.o] Error 1
make[1]: Leaving directory '/home/slahuddin/catkin_ws/src/qtros/build/CMakeFiles/CMakeTmp'
Makefile:126: recipe for target 'cmTC_ef121/fast' failed
make: *** [cmTC_ef121/fast] Error 2

File /home/slahuddin/catkin_ws/src/qtros/build/CMakeFiles/CMakeTmp/CheckSymbolExists.cxx:
/* */
#include <QtCore/qglobal.h>

int main(int argc, char** argv)
{
  (void)argv;
#ifndef Q_WS_QWS
  return ((int*)(&Q_WS_QWS))[argc];
#else
  (void)argc;
  return 0;
#endif
}

Determining if the Q_WS_MAC exist failed with the following output:
Change Dir: /home/slahuddin/catkin_ws/src/qtros/build/CMakeFiles/CMakeTmp

Run Build Command:"/usr/bin/make" "cmTC_211de/fast"
/usr/bin/make -f CMakeFiles/cmTC_211de.dir/build.make CMakeFiles/cmTC_211de.dir/build
make[1]: Entering directory '/home/slahuddin/catkin_ws/src/qtros/build/CMakeFiles/CMakeTmp'
Building CXX object CMakeFiles/cmTC_211de.dir/CheckSymbolExists.cxx.o
/usr/bin/x86_64-linux-gnu-g++-7   -I/usr/include/qt4   -o CMakeFiles/cmTC_211de.dir/CheckSymbolExists.cxx.o -c /home/slahuddin/catkin_ws/src/qtros/build/CMakeFiles/CMakeTmp/CheckSymbolExists.cxx
/home/slahuddin/catkin_ws/src/qtros/build/CMakeFiles/CMakeTmp/CheckSymbolExists.cxx: In function ‘int main(int, char**)’:
/home/slahuddin/catkin_ws/src/qtros/build/CMakeFiles/CMakeTmp/CheckSymbolExists.cxx:8:19: error: ‘Q_WS_MAC’ was not declared in this scope
   return ((int*)(&Q_WS_MAC))[argc];
                   ^~~~~~~~
/home/slahuddin/catkin_ws/src/qtros/build/CMakeFiles/CMakeTmp/CheckSymbolExists.cxx:8:19: note: suggested alternative: ‘Q_WS_X11’
   return ((int*)(&Q_WS_MAC))[argc];
                   ^~~~~~~~
                   Q_WS_X11
CMakeFiles/cmTC_211de.dir/build.make:65: recipe for target 'CMakeFiles/cmTC_211de.dir/CheckSymbolExists.cxx.o' failed
make[1]: *** [CMakeFiles/cmTC_211de.dir/CheckSymbolExists.cxx.o] Error 1
make[1]: Leaving directory '/home/slahuddin/catkin_ws/src/qtros/build/CMakeFiles/CMakeTmp'
Makefile:126: recipe for target 'cmTC_211de/fast' failed
make: *** [cmTC_211de/fast] Error 2

File /home/slahuddin/catkin_ws/src/qtros/build/CMakeFiles/CMakeTmp/CheckSymbolExists.cxx:
/* */
#include <QtCore/qglobal.h>

int main(int argc, char** argv)
{
  (void)argv;
#ifndef Q_WS_MAC
  return ((int*)(&Q_WS_MAC))[argc];
#else
  (void)argc;
  return 0;
#endif
}

